<?xml version="1.0" encoding="UTF-8"?>
<!-- Generated by org.testng.reporters.JUnitReportReporter -->
<testsuite hostname="WIN-46969103703" failures="0" tests="2" name="com.APITestCases.TeamRCB.RCBGetTestCases" time="2.797" errors="0" timestamp="16 Sep 2022 07:16:30 GMT" skipped="0">
  <testcase classname="com.APITestCases.TeamRCB.RCBGetTestCases" name="api_01_validateForeignPlayersCount" time="2.697"/>
  <testcase classname="com.APITestCases.TeamRCB.RCBGetTestCases" name="api_02_validateWicketKeepersCount" time="0.100"/>
</testsuite> <!-- com.APITestCases.TeamRCB.RCBGetTestCases -->
